<?xml version="1.0" encoding="UTF-8"?>
<!-- Generated by org.testng.reporters.JUnitReportReporter -->
<testsuite hostname="DESKTOP-2HI8SK2" failures="0" tests="1" name="tests.ThreeTest" time="10.006" errors="0" timestamp="2024-02-15T23:44:04 IST" skipped="0">
  <testcase classname="tests.ThreeTest" name="testThree" time="10.006"/>
</testsuite> <!-- tests.ThreeTest -->
