<?xml version="1.0" encoding="UTF-8"?>
<!-- Generated by org.testng.reporters.JUnitReportReporter -->
<testsuite hostname="DESKTOP-2HI8SK2" failures="0" tests="1" name="tests.LoginTest" time="13.380" errors="0" timestamp="2024-02-15T23:44:04 IST" skipped="0">
  <testcase classname="tests.LoginTest" name="login" time="13.380"/>
</testsuite> <!-- tests.LoginTest -->
