<?xml version="1.0" encoding="UTF-8"?>
<!-- Generated by org.testng.reporters.JUnitReportReporter -->
<testsuite hostname="DESKTOP-2HI8SK2" failures="0" tests="2" name="tests.LoginTest" time="31.430" errors="0" timestamp="2024-02-13T01:27:22 IST" skipped="0">
  <testcase classname="tests.LoginTest" name="login" time="21.604"/>
  <testcase classname="tests.LoginTest" name="login" time="9.826"/>
</testsuite> <!-- tests.LoginTest -->
